<?xml version="1.0" encoding="UTF-8" ?>
<testsuite tests="3" failures="0" name="org.springframework.samples.petclinic.web.VetControllerTests" time="0.268" errors="0" skipped="0">
  <properties>
    <property name="java.runtime.name" value="Java(TM) SE Runtime Environment"/>
    <property name="sun.boot.library.path" value="C:\Program Files\Java\jdk1.8.0_181\jre\bin"/>
    <property name="java.vm.version" value="25.181-b13"/>
    <property name="java.vm.vendor" value="Oracle Corporation"/>
    <property name="java.vendor.url" value="http://java.oracle.com/"/>
    <property name="path.separator" value=";"/>
    <property name="guice.disable.misplaced.annotation.check" value="true"/>
    <property name="java.vm.name" value="Java HotSpot(TM) 64-Bit Server VM"/>
    <property name="file.encoding.pkg" value="sun.io"/>
    <property name="user.script" value=""/>
    <property name="user.country" value="US"/>
    <property name="sun.java.launcher" value="SUN_STANDARD"/>
    <property name="sun.os.patch.level" value=""/>
    <property name="java.vm.specification.name" value="Java Virtual Machine Specification"/>
    <property name="user.dir" value="C:\Development\repos\git\java-app"/>
    <property name="java.runtime.version" value="1.8.0_181-b13"/>
    <property name="java.awt.graphicsenv" value="sun.awt.Win32GraphicsEnvironment"/>
    <property name="java.endorsed.dirs" value="C:\Program Files\Java\jdk1.8.0_181\jre\lib\endorsed"/>
    <property name="os.arch" value="amd64"/>
    <property name="java.io.tmpdir" value="C:\Users\tc060e\AppData\Local\Temp\"/>
    <property name="line.separator" value="
"/>
    <property name="java.vm.specification.vendor" value="Oracle Corporation"/>
    <property name="user.variant" value=""/>
    <property name="os.name" value="Windows 10"/>
    <property name="classworlds.conf" value="C:/Apps/apache-maven-3.2.1/bin/m2.conf"/>
    <property name="sun.jnu.encoding" value="Cp1252"/>
    <property name="java.library.path" value="C:\Program Files\Java\jdk1.8.0_181\bin;C:\WINDOWS\Sun\Java\bin;C:\WINDOWS\system32;C:\WINDOWS;C:\Users\tc060e\AppData\Local\Continuum\anaconda3;C:\Development\bash_scripts;C:\Users\tc060e\bin;C:\Users\tc060e\AppData\Local\Programs\Git\mingw64\bin;C:\Users\tc060e\AppData\Local\Programs\Git\usr\local\bin;C:\Users\tc060e\AppData\Local\Programs\Git\usr\bin;C:\Users\tc060e\AppData\Local\Programs\Git\usr\bin;C:\Users\tc060e\AppData\Local\Programs\Git\mingw64\bin;C:\Users\tc060e\AppData\Local\Programs\Git\usr\bin;C:\Users\tc060e\bin;C:\ProgramData\DockerDesktop\version-bin;C:\Program Files\Docker\Docker\Resources\bin;C:\Python27;C:\Python27\Scripts;C:\Program Files (x86)\Common Files\Oracle\Java\javapath;C:\Oracle\12cR1client64bit\bin;C:\Oracle\12cR1client32bit\bin;C:\ProgramData\Oracle\Java\javapath;C:\WINDOWS\system32;C:\WINDOWS;C:\WINDOWS\System32\Wbem;C:\WINDOWS\System32\WindowsPowerShell\v1.0;C:\Program Files (x86)\Common Files\ACD Systems\EN;C:\Program Files (x86)\Common Files\ACD Systems;C:\Program Files\Java\jdk1.8.0_181\bin;C:\Program Files (x86)\WebEx\Productivity Tools;C:\WINDOWS\System32\OpenSSH;C:\Program Files\PuTTY;C:\Program Files\nodejs;C:\ProgramData\chocolatey\bin;C:\Program Files\Microsoft VS Code\bin;C:\Users\tc060e\AppData\Local\Microsoft\WindowsApps;C:\Users\tc060e\AppData\Local\Programs\Git\cmd;C:\Apps\apache-maven-3.2.1\bin;C:\Users\tc060e\AppData\Roaming\npm;C:\Program Files\Microsoft VS Code\bin;C:\Program Files\Docker Toolbox;C:\Program Files\Docker Toolbox;C:\OpenShift;C:\Users\tc060e\AppData\Roaming\Python\Python37\Scripts;C:\Users\tc060e\AppData\Local\Programs\Git\usr\bin\vendor_perl;C:\Users\tc060e\AppData\Local\Programs\Git\usr\bin\core_perl;C:\Users\tc060e\VIM\vim80;."/>
    <property name="java.specification.name" value="Java Platform API Specification"/>
    <property name="java.class.version" value="52.0"/>
    <property name="sun.management.compiler" value="HotSpot 64-Bit Tiered Compilers"/>
    <property name="os.version" value="10.0"/>
    <property name="user.home" value="C:\Users\tc060e"/>
    <property name="user.timezone" value="GMT+10:00"/>
    <property name="java.awt.printerjob" value="sun.awt.windows.WPrinterJob"/>
    <property name="java.specification.version" value="1.8"/>
    <property name="file.encoding" value="Cp1252"/>
    <property name="user.name" value="tc060e"/>
    <property name="java.class.path" value="C:/Apps/apache-maven-3.2.1/boot/plexus-classworlds-2.5.1.jar"/>
    <property name="org.slf4j.simpleLogger.defaultLogLevel" value="info"/>
    <property name="java.vm.specification.version" value="1.8"/>
    <property name="sun.arch.data.model" value="64"/>
    <property name="java.home" value="C:\Program Files\Java\jdk1.8.0_181\jre"/>
    <property name="sun.java.command" value="org.codehaus.plexus.classworlds.launcher.Launcher clean install"/>
    <property name="java.specification.vendor" value="Oracle Corporation"/>
    <property name="user.language" value="en"/>
    <property name="awt.toolkit" value="sun.awt.windows.WToolkit"/>
    <property name="java.vm.info" value="mixed mode"/>
    <property name="java.version" value="1.8.0_181"/>
    <property name="java.ext.dirs" value="C:\Program Files\Java\jdk1.8.0_181\jre\lib\ext;C:\WINDOWS\Sun\Java\lib\ext"/>
    <property name="sun.boot.class.path" value="C:\Program Files\Java\jdk1.8.0_181\jre\lib\resources.jar;C:\Program Files\Java\jdk1.8.0_181\jre\lib\rt.jar;C:\Program Files\Java\jdk1.8.0_181\jre\lib\sunrsasign.jar;C:\Program Files\Java\jdk1.8.0_181\jre\lib\jsse.jar;C:\Program Files\Java\jdk1.8.0_181\jre\lib\jce.jar;C:\Program Files\Java\jdk1.8.0_181\jre\lib\charsets.jar;C:\Program Files\Java\jdk1.8.0_181\jre\lib\jfr.jar;C:\Program Files\Java\jdk1.8.0_181\jre\classes"/>
    <property name="java.vendor" value="Oracle Corporation"/>
    <property name="maven.home" value="C:\Apps\apache-maven-3.2.1"/>
    <property name="file.separator" value="\"/>
    <property name="java.vendor.url.bug" value="http://bugreport.sun.com/bugreport/"/>
    <property name="sun.cpu.endian" value="little"/>
    <property name="sun.io.unicode.encoding" value="UnicodeLittle"/>
    <property name="sun.desktop" value="windows"/>
    <property name="sun.cpu.isalist" value="amd64"/>
  </properties>
  <testcase classname="org.springframework.samples.petclinic.web.VetControllerTests" name="testShowVetListXml" time="0.034"/>
  <testcase classname="org.springframework.samples.petclinic.web.VetControllerTests" name="testShowVetListHtml" time="0.033"/>
  <testcase classname="org.springframework.samples.petclinic.web.VetControllerTests" name="testShowResourcesVetList" time="0.201"/>
</testsuite>